<?xml version="1.0" encoding="UTF-8"?>
<!-- Generated by org.testng.reporters.JUnitReportReporter -->
<testsuite skipped="0" hostname="KELLGGNLPTP0201" name="org.testing.Testscripts.TC4" tests="1" failures="0" timestamp="11 Aug 2020 10:04:40 GMT" time="47.116" errors="0">
  <testcase name="test" time="47.116" classname="org.testing.Testscripts.TC4"/>
</testsuite> <!-- org.testing.Testscripts.TC4 -->
