<?xml version="1.0" encoding="UTF-8"?>
<!-- Generated by org.testng.reporters.JUnitReportReporter -->
<testsuite skipped="0" hostname="KELLGGNLPTP0201" name="org.testing.Testscripts.TC2" tests="1" failures="0" timestamp="11 Aug 2020 08:48:34 GMT" time="50.892" errors="0">
  <testcase name="test" time="50.892" classname="org.testing.Testscripts.TC2"/>
</testsuite> <!-- org.testing.Testscripts.TC2 -->
