<?xml version="1.0" encoding="UTF-8"?>
<!-- Generated by org.testng.reporters.JUnitReportReporter -->
<testsuite skipped="0" hostname="KELLGGNLPTP0201" name="org.testing.Base.Base" tests="1" failures="0" timestamp="11 Aug 2020 06:14:19 GMT" time="28.288" errors="0">
  <testcase name="test" time="28.288" classname="org.testing.Base.Base"/>
</testsuite> <!-- org.testing.Base.Base -->
