<?xml version="1.0" encoding="UTF-8"?>
<!-- Generated by org.testng.reporters.JUnitReportReporter -->
<testsuite skipped="0" hostname="KELLGGNLPTP0201" name="org.testing.Testscripts.TC3" tests="1" failures="0" timestamp="11 Aug 2020 08:54:40 GMT" time="49.521" errors="0">
  <testcase name="test" time="49.521" classname="org.testing.Testscripts.TC3"/>
</testsuite> <!-- org.testing.Testscripts.TC3 -->
