<?xml version="1.0" encoding="UTF-8"?>
<!-- Generated by org.testng.reporters.JUnitReportReporter -->
<testsuite skipped="0" hostname="KELLGGNLPTP0201" name="org.testing.Testscripts.TC5" tests="1" failures="0" timestamp="11 Aug 2020 10:08:08 GMT" time="46.746" errors="0">
  <testcase name="test" time="46.746" classname="org.testing.Testscripts.TC5"/>
</testsuite> <!-- org.testing.Testscripts.TC5 -->
