<?xml version="1.0" encoding="UTF-8"?>
<!-- Generated by org.testng.reporters.JUnitReportReporter -->
<testsuite skipped="0" hostname="KELLGGNLPTP0201" name="org.testing.Testscripts.TC7" tests="1" failures="0" timestamp="11 Aug 2020 10:27:13 GMT" time="50.338" errors="0">
  <testcase name="test" time="50.338" classname="org.testing.Testscripts.TC7"/>
</testsuite> <!-- org.testing.Testscripts.TC7 -->
