<?xml version="1.0" encoding="UTF-8"?>
<!-- Generated by org.testng.reporters.JUnitReportReporter -->
<testsuite skipped="0" hostname="KELLGGNLPTP0201" name="org.testing.Testscripts.TC8" tests="1" failures="0" timestamp="11 Aug 2020 10:29:17 GMT" time="48.944" errors="0">
  <testcase name="test" time="48.944" classname="org.testing.Testscripts.TC8"/>
</testsuite> <!-- org.testing.Testscripts.TC8 -->
